16 50 25 05 12 2014 #0700EDD981B2
16 50 26 05 12 2014 #0700EDD981B2
16 50 26 05 12 2014 #0700EDD981B2
16 50 27 05 12 2014 #0700EDD981B2
16 50 27 05 12 2014 #0700EDD981B2
16 50 28 05 12 2014 #0700EDD981B2
16 50 28 05 12 2014 #0700EDD981B2
16 50 28 05 12 2014 #0700EDD981B2
16 50 29 05 12 2014 #0700EDD981B2
07 44 25 06 12 2014 #0700EE31A971
07 46 12 06 12 2014 #0700EE31A971
07 59 39 06 12 2014 #0700EDEE5753
08 20 21 06 12 2014 #030003460345
08 23 00 06 12 2014 #030003460345
08 23 01 06 12 2014 #030003460345
08 32 30 06 12 2014 #0700EDEE5753
08 32 31 06 12 2014 #0700EDEE5753
08 32 34 06 12 2014 #0700EDD291A9
08 32 35 06 12 2014 #0700EDD291A9
08 32 50 06 12 2014 #0700EDEE5753
08 33 16 06 12 2014 #0700EDEF4D48
08 33 16 06 12 2014 #0700EDEF4D48
08 34 58 06 12 2014 #0700EDD291A9
08 34 58 06 12 2014 #0700EDD291A9
08 34 59 06 12 2014 #0700EDD291A9
08 38 08 06 12 2014 #0700EDD291A9
09 03 40 06 12 2014 #0300024198D8
09 04 15 06 12 2014 #0300024198D8
09 04 29 06 12 2014 #0700EDD291A9
09 04 55 06 12 2014 #0700EDEE5753
09 06 06 06 12 2014 #0700EDD291A9
09 07 46 06 12 2014 #0700EDD291A9
09 08 04 06 12 2014 #0700EDCDFFD8
09 09 26 06 12 2014 #0700EDCDFFD8
09 09 27 06 12 2014 #0700EDD291A9
09 50 02 06 12 2014 #0300020E3837
09 50 02 06 12 2014 #0300020E3837
10 27 32 06 12 2014 #03000250D485
10 28 51 06 12 2014 #0700EDEE5753
10 28 52 06 12 2014 #0700EDEE5753
10 56 32 06 12 2014 #0700EDD291A9
10 56 33 06 12 2014 #0700EDD291A9
11 43 40 06 12 2014 #0700EDD291A9
11 43 41 06 12 2014 #0700EDD291A9
11 59 48 06 12 2014 #0300024198D8
12 00 23 06 12 2014 #0300020E3837
12 00 33 06 12 2014 #0300024198D8
12 00 34 06 12 2014 #0300024198D8
12 01 20 06 12 2014 #0300020E3837
12 03 05 06 12 2014 #0300020E3837
12 08 02 06 12 2014 #0700EDEE5753
12 08 29 06 12 2014 #0700EDEE5753
12 08 30 06 12 2014 #0700EDEE5753
12 08 30 06 12 2014 #0700EDEE5753
12 08 47 06 12 2014 #0700EDEE5753
12 14 59 06 12 2014 #0700EDD291A9
12 15 41 06 12 2014 #0700EDD291A9
12 19 53 06 12 2014 #0700EDE2BDB5
12 20 33 06 12 2014 #0700EDE2BDB5
13 07 30 06 12 2014 #0700ED89B1D2
13 07 30 06 12 2014 #0700ED89B1D2
13 07 31 06 12 2014 #0700ED89B1D2
13 08 08 06 12 2014 #0700ED89B1D2
13 08 49 06 12 2014 #0700ED89B1D2
13 09 37 06 12 2014 #0700ED89B1D2
13 09 53 06 12 2014 #0300020E3837
13 10 17 06 12 2014 #0700ED89B1D2
13 10 52 06 12 2014 #0300020E3837
13 10 52 06 12 2014 #0300020E3837
13 11 26 06 12 2014 #0700ED89B1D2
13 12 05 06 12 2014 #0700EDD291A9
13 12 06 06 12 2014 #0700EDD291A9
13 30 40 06 12 2014 #0700EDE2BDB5
13 30 40 06 12 2014 #0700EDE2BDB5
13 48 18 06 12 2014 #0700EDEE5753
13 48 19 06 12 2014 #0700EDEE5753
14 30 08 06 12 2014 #0700EDEE5753
14 30 09 06 12 2014 #0700EDEE5753
14 30 39 06 12 2014 #0700EDEE5753
14 31 15 06 12 2014 #0700EDEE5753
14 31 38 06 12 2014 #0700EDEE5753
14 31 40 06 12 2014 #0700EDEE5753
14 31 58 06 12 2014 #0700EDEE5753
14 32 02 06 12 2014 #0700EDEE5753
14 32 03 06 12 2014 #0700EDEE5753
14 37 19 06 12 2014 #0700EDE2BDB5
14 37 20 06 12 2014 #0700EDE2BDB5
14 37 20 06 12 2014 #0700EDE2BDB5
14 59 08 06 12 2014 #0300020E3837
15 01 32 06 12 2014 #0700ED89B1D2
15 01 32 06 12 2014 #0700ED89B1D2
15 07 06 06 12 2014 #0700ED89B1D2
15 07 06 06 12 2014 #0700ED89B1D2
15 09 19 06 12 2014 #0700ED89B1D2
15 17 45 06 12 2014 #0700EDEE5753
15 18 09 06 12 2014 #0700EDEE5753
15 18 09 06 12 2014 #0700EDEE5753
15 58 20 06 12 2014 #0700EDE2BDB5
15 58 21 06 12 2014 #0700EDE2BDB5
15 58 41 06 12 2014 #0700EDE2BDB5
15 58 42 06 12 2014 #0700EDE2BDB5
16 11 50 06 12 2014 #0700EDEE5753
16 15 05 06 12 2014 #0700EDEE5753
16 16 24 06 12 2014 #0700EDEE5753
16 18 19 06 12 2014 #0300024198D8
16 26 58 06 12 2014 #0700EDD291A9
16 27 00 06 12 2014 #0700EDD291A9
16 29 00 06 12 2014 #0700EE31A971
16 29 24 06 12 2014 #0700EE31A971
16 30 49 06 12 2014 #0700EE31A971
16 30 50 06 12 2014 #0700EE31A971
16 31 09 06 12 2014 #0700EE31A971
08 08 27 07 12 2014 #0700EDDE093D
08 08 40 07 12 2014 #0700EE31A971
08 11 07 07 12 2014 #0700EE31A971
08 11 07 07 12 2014 #0700EE31A971
08 15 40 07 12 2014 #0700EDEE5753
08 15 41 07 12 2014 #0700EDEE5753
08 16 34 07 12 2014 #0700EDEE5753
08 21 34 07 12 2014 #0700EDEE5753
08 21 34 07 12 2014 #0700EDEE5753
08 36 38 07 12 2014 #0700EDD291A9
08 38 52 07 12 2014 #0700EDE83735
08 38 53 07 12 2014 #0700EDE83735
08 44 56 07 12 2014 #0700EE31A971
08 44 57 07 12 2014 #0700EE31A971
08 47 07 07 12 2014 #0700EDAEE4A0
08 47 30 07 12 2014 #0700EDAEE4A0
08 52 11 07 12 2014 #0700ED89B1D2
08 52 24 07 12 2014 #0300020E3837
08 52 45 07 12 2014 #0700ED89B1D2
08 52 49 07 12 2014 #0300020E3837
08 52 49 07 12 2014 #0300020E3837
08 52 54 07 12 2014 #0700EDDE093D
08 53 12 07 12 2014 #0300020E3837
08 53 13 07 12 2014 #0300020E3837
08 53 55 07 12 2014 #0700ED89B1D2
08 53 56 07 12 2014 #0700ED89B1D2
08 54 27 07 12 2014 #0300020E3837
08 54 28 07 12 2014 #0300020E3837
08 54 31 07 12 2014 #0700ED89B1D2
08 54 58 07 12 2014 #0300020E3837
08 55 10 07 12 2014 #0700EDF1302B
08 55 45 07 12 2014 #0700ED89B1D2
08 55 45 07 12 2014 #0700ED89B1D2
08 55 51 07 12 2014 #0300020E3837
08 56 40 07 12 2014 #0300020E3837
08 57 20 07 12 2014 #0700ED89B1D2
08 57 20 07 12 2014 #0700ED89B1D2
08 57 26 07 12 2014 #0300020E3837
08 57 26 07 12 2014 #0300020E3837
08 58 03 07 12 2014 #0300020E3837
08 58 11 07 12 2014 #0700EDE2BDB5
08 58 19 07 12 2014 #0700ED89B1D2
08 58 41 07 12 2014 #0700EDE2BDB5
08 59 47 07 12 2014 #0300020E3837
08 59 48 07 12 2014 #0300020E3837
08 59 55 07 12 2014 #0700ED89B1D2
09 00 55 07 12 2014 #030000003033
09 00 56 07 12 2014 #0300020E3837
09 00 56 07 12 2014 #0300020E3837
09 01 16 07 12 2014 #0700ED89B1D2
09 01 33 07 12 2014 #0300020E3837
09 05 19 07 12 2014 #0700ED89B1D2
09 07 05 07 12 2014 #0300020E3837
09 07 59 07 12 2014 #0300020E3837
09 08 00 07 12 2014 #0300020E3837
09 08 30 07 12 2014 #0700EDD291A9
09 09 09 07 12 2014 #0700EDD291A9
09 09 10 07 12 2014 #0700EDD291A9
09 09 10 07 12 2014 #0700EDD291A9
09 10 28 07 12 2014 #0700ED89B1D2
09 10 29 07 12 2014 #0700ED89B1D2
09 11 22 07 12 2014 #0700ED89B1D2
09 15 13 07 12 2014 #030003460345
09 15 47 07 12 2014 #030003460345
09 16 14 07 12 2014 #0700ED89B1D2
09 19 32 07 12 2014 #0700EDCDFFD8
09 19 32 07 12 2014 #0700EDCDFFD8
09 25 06 07 12 2014 #0700EE31A971
09 28 00 07 12 2014 #0700EDE2BDB5
09 29 15 07 12 2014 #0700EDD291A9
09 29 15 07 12 2014 #0700EDD291A9
09 29 20 07 12 2014 #0700EE31A971
09 29 23 07 12 2014 #0700EDAEE4A0
09 29 30 07 12 2014 #0700EDE2BDB5
09 30 00 07 12 2014 #0700EDD291A9
09 30 01 07 12 2014 #0700EDD291A9
09 30 03 07 12 2014 #0700EE31A971
09 30 04 07 12 2014 #0700EE31A971
09 30 25 07 12 2014 #0700EDAEE4A0
09 31 36 07 12 2014 #0700EDAEE4A0
09 35 38 07 12 2014 #0700EDAEE4A0
09 35 38 07 12 2014 #0700EDAEE4A0
09 35 38 07 12 2014 #0700EDAEE4A0
09 37 04 07 12 2014 #0700EDCDFFD8
09 37 05 07 12 2014 #0700EDCDFFD8
09 42 41 07 12 2014 #0700EDE83735
09 43 12 07 12 2014 #0300019E1B87
09 46 38 07 12 2014 #0700EDE83735
09 48 13 07 12 2014 #0700EDE83735
09 48 14 07 12 2014 #0700EDE83735
09 49 13 07 12 2014 #0700EDE83735
09 50 34 07 12 2014 #0300019E1B87
09 50 46 07 12 2014 #0700EDE83735
10 22 22 07 12 2014 #0700EDAEE4A0
10 23 15 07 12 2014 #0700EDAEE4A0
10 27 43 07 12 2014 #0700EDD291A9
10 28 35 07 12 2014 #0700EDD291A9
10 28 36 07 12 2014 #0700EDD291A9
10 29 06 07 12 2014 #0700EDD291A9
10 29 08 07 12 2014 #0700EDD291A9
10 29 29 07 12 2014 #0700EDD291A9
10 38 10 07 12 2014 #0700EDF1302B
10 38 10 07 12 2014 #0700EDF1302B
10 38 11 07 12 2014 #0700EDF1302B
10 44 11 07 12 2014 #0700EDEE5753
10 44 22 07 12 2014 #0700EDEE5753
11 07 36 07 12 2014 #0700EDD291A9
11 08 12 07 12 2014 #0700EDD291A9
11 22 40 07 12 2014 #0700ED89B1D2
11 24 53 07 12 2014 #0300020E3837
11 26 59 07 12 2014 #0300020E3837
11 27 45 07 12 2014 #0300020E3837
11 28 27 07 12 2014 #0300020E3837
11 28 27 07 12 2014 #0300020E3837
11 29 15 07 12 2014 #0300020E3837
11 29 34 07 12 2014 #0300020E3837
11 29 35 07 12 2014 #0300020E3837
11 29 47 07 12 2014 #0700ED89B1D2
11 29 59 07 12 2014 #0300020E3837
11 36 10 07 12 2014 #0700ED89B1D2
11 36 11 07 12 2014 #0700ED89B1D2
11 36 11 07 12 2014 #0700ED89B1D2
11 37 30 07 12 2014 #0700ED89B1D2
11 38 23 07 12 2014 #0700ED89B1D2
11 38 23 07 12 2014 #0700ED89B1D2
11 39 22 07 12 2014 #0700ED89B1D2
11 41 13 07 12 2014 #0700EDEE5753
11 44 33 07 12 2014 #03000250D485
11 53 32 07 12 2014 #0700EDD291A9
11 53 33 07 12 2014 #0700EDD291A9
